02-Aug-2023 19:41:48.851 WARNING [main] org.apache.catalina.core.AprLifecycleListener.init The APR based Apache Tomcat Native library failed to load. The error reported was [C:\Users\RAVISHANKAR\OneDrive\Desktop\J2EE JDBC\Servlate\apache-tomcat-8.0.30-windows-x86\apache-tomcat-8.0.30\bin\tcnative-1.dll: Can't load IA 32-bit .dll on a AMD 64-bit platform]
 java.lang.UnsatisfiedLinkError: C:\Users\RAVISHANKAR\OneDrive\Desktop\J2EE JDBC\Servlate\apache-tomcat-8.0.30-windows-x86\apache-tomcat-8.0.30\bin\tcnative-1.dll: Can't load IA 32-bit .dll on a AMD 64-bit platform
	at java.lang.ClassLoader$NativeLibrary.load(Native Method)
	at java.lang.ClassLoader.loadLibrary0(ClassLoader.java:1941)
	at java.lang.ClassLoader.loadLibrary(ClassLoader.java:1857)
	at java.lang.Runtime.loadLibrary0(Runtime.java:870)
	at java.lang.System.loadLibrary(System.java:1122)
	at org.apache.tomcat.jni.Library.<init>(Library.java:42)
	at org.apache.tomcat.jni.Library.initialize(Library.java:178)
	at org.apache.catalina.core.AprLifecycleListener.init(AprLifecycleListener.java:197)
	at org.apache.catalina.core.AprLifecycleListener.isAprAvailable(AprLifecycleListener.java:106)
	at org.apache.catalina.connector.Connector.setProtocol(Connector.java:564)
	at org.apache.catalina.connector.Connector.<init>(Connector.java:66)
	at org.apache.catalina.startup.ConnectorCreateRule.begin(ConnectorCreateRule.java:62)
	at org.apache.tomcat.util.digester.Digester.startElement(Digester.java:1178)
	at com.sun.org.apache.xerces.internal.parsers.AbstractSAXParser.startElement(AbstractSAXParser.java:509)
	at com.sun.org.apache.xerces.internal.parsers.AbstractXMLDocumentParser.emptyElement(AbstractXMLDocumentParser.java:182)
	at com.sun.org.apache.xerces.internal.impl.XMLDocumentFragmentScannerImpl.scanStartElement(XMLDocumentFragmentScannerImpl.java:1339)
	at com.sun.org.apache.xerces.internal.impl.XMLDocumentFragmentScannerImpl$FragmentContentDriver.next(XMLDocumentFragmentScannerImpl.java:2784)
	at com.sun.org.apache.xerces.internal.impl.XMLDocumentScannerImpl.next(XMLDocumentScannerImpl.java:602)
	at com.sun.org.apache.xerces.internal.impl.XMLDocumentFragmentScannerImpl.scanDocument(XMLDocumentFragmentScannerImpl.java:505)
	at com.sun.org.apache.xerces.internal.parsers.XML11Configuration.parse(XML11Configuration.java:842)
	at com.sun.org.apache.xerces.internal.parsers.XML11Configuration.parse(XML11Configuration.java:771)
	at com.sun.org.apache.xerces.internal.parsers.XMLParser.parse(XMLParser.java:141)
	at com.sun.org.apache.xerces.internal.parsers.AbstractSAXParser.parse(AbstractSAXParser.java:1213)
	at com.sun.org.apache.xerces.internal.jaxp.SAXParserImpl$JAXPSAXParser.parse(SAXParserImpl.java:643)
	at org.apache.tomcat.util.digester.Digester.parse(Digester.java:1451)
	at org.apache.catalina.startup.Catalina.load(Catalina.java:551)
	at org.apache.catalina.startup.Catalina.load(Catalina.java:599)
	at sun.reflect.NativeMethodAccessorImpl.invoke0(Native Method)
	at sun.reflect.NativeMethodAccessorImpl.invoke(NativeMethodAccessorImpl.java:62)
	at sun.reflect.DelegatingMethodAccessorImpl.invoke(DelegatingMethodAccessorImpl.java:43)
	at java.lang.reflect.Method.invoke(Method.java:498)
	at org.apache.catalina.startup.Bootstrap.load(Bootstrap.java:310)
	at org.apache.catalina.startup.Bootstrap.main(Bootstrap.java:484)

02-Aug-2023 19:41:48.961 INFO [main] org.apache.catalina.startup.VersionLoggerListener.log Server version:        Apache Tomcat/8.0.30
02-Aug-2023 19:41:48.974 INFO [main] org.apache.catalina.startup.VersionLoggerListener.log Server built:          Dec 1 2015 22:30:46 UTC
02-Aug-2023 19:41:48.974 INFO [main] org.apache.catalina.startup.VersionLoggerListener.log Server number:         8.0.30.0
02-Aug-2023 19:41:48.974 INFO [main] org.apache.catalina.startup.VersionLoggerListener.log OS Name:               Windows 10
02-Aug-2023 19:41:48.974 INFO [main] org.apache.catalina.startup.VersionLoggerListener.log OS Version:            10.0
02-Aug-2023 19:41:48.974 INFO [main] org.apache.catalina.startup.VersionLoggerListener.log Architecture:          amd64
02-Aug-2023 19:41:48.974 INFO [main] org.apache.catalina.startup.VersionLoggerListener.log Java Home:             C:\Program Files\Java\jdk1.8.0_202\jre
02-Aug-2023 19:41:48.974 INFO [main] org.apache.catalina.startup.VersionLoggerListener.log JVM Version:           1.8.0_202-b08
02-Aug-2023 19:41:48.974 INFO [main] org.apache.catalina.startup.VersionLoggerListener.log JVM Vendor:            Oracle Corporation
02-Aug-2023 19:41:48.977 INFO [main] org.apache.catalina.startup.VersionLoggerListener.log CATALINA_BASE:         C:\Users\RAVISHANKAR\OneDrive\Desktop\J2EE JDBC\Servlate\apache-tomcat-8.0.30-windows-x86\apache-tomcat-8.0.30
02-Aug-2023 19:41:48.977 INFO [main] org.apache.catalina.startup.VersionLoggerListener.log CATALINA_HOME:         C:\Users\RAVISHANKAR\OneDrive\Desktop\J2EE JDBC\Servlate\apache-tomcat-8.0.30-windows-x86\apache-tomcat-8.0.30
02-Aug-2023 19:41:48.977 INFO [main] org.apache.catalina.startup.VersionLoggerListener.log Command line argument: -Djava.util.logging.config.file=C:\Users\RAVISHANKAR\OneDrive\Desktop\J2EE JDBC\Servlate\apache-tomcat-8.0.30-windows-x86\apache-tomcat-8.0.30\conf\logging.properties
02-Aug-2023 19:41:48.977 INFO [main] org.apache.catalina.startup.VersionLoggerListener.log Command line argument: -Djava.util.logging.manager=org.apache.juli.ClassLoaderLogManager
02-Aug-2023 19:41:48.977 INFO [main] org.apache.catalina.startup.VersionLoggerListener.log Command line argument: -Djava.endorsed.dirs=C:\Users\RAVISHANKAR\OneDrive\Desktop\J2EE JDBC\Servlate\apache-tomcat-8.0.30-windows-x86\apache-tomcat-8.0.30\endorsed
02-Aug-2023 19:41:48.977 INFO [main] org.apache.catalina.startup.VersionLoggerListener.log Command line argument: -Dcatalina.base=C:\Users\RAVISHANKAR\OneDrive\Desktop\J2EE JDBC\Servlate\apache-tomcat-8.0.30-windows-x86\apache-tomcat-8.0.30
02-Aug-2023 19:41:48.977 INFO [main] org.apache.catalina.startup.VersionLoggerListener.log Command line argument: -Dcatalina.home=C:\Users\RAVISHANKAR\OneDrive\Desktop\J2EE JDBC\Servlate\apache-tomcat-8.0.30-windows-x86\apache-tomcat-8.0.30
02-Aug-2023 19:41:48.977 INFO [main] org.apache.catalina.startup.VersionLoggerListener.log Command line argument: -Djava.io.tmpdir=C:\Users\RAVISHANKAR\OneDrive\Desktop\J2EE JDBC\Servlate\apache-tomcat-8.0.30-windows-x86\apache-tomcat-8.0.30\temp
02-Aug-2023 19:41:49.252 INFO [main] org.apache.coyote.AbstractProtocol.init Initializing ProtocolHandler ["http-nio-8050"]
02-Aug-2023 19:41:49.510 INFO [main] org.apache.tomcat.util.net.NioSelectorPool.getSharedSelector Using a shared selector for servlet write/read
02-Aug-2023 19:41:49.524 INFO [main] org.apache.coyote.AbstractProtocol.init Initializing ProtocolHandler ["ajp-nio-8009"]
02-Aug-2023 19:41:49.526 INFO [main] org.apache.tomcat.util.net.NioSelectorPool.getSharedSelector Using a shared selector for servlet write/read
02-Aug-2023 19:41:49.526 INFO [main] org.apache.catalina.startup.Catalina.load Initialization processed in 1156 ms
02-Aug-2023 19:41:49.559 INFO [main] org.apache.catalina.core.StandardService.startInternal Starting service Catalina
02-Aug-2023 19:41:49.559 INFO [main] org.apache.catalina.core.StandardEngine.startInternal Starting Servlet Engine: Apache Tomcat/8.0.30
02-Aug-2023 19:41:49.573 INFO [localhost-startStop-1] org.apache.catalina.startup.HostConfig.deployDirectory Deploying web application directory C:\Users\RAVISHANKAR\OneDrive\Desktop\J2EE JDBC\Servlate\apache-tomcat-8.0.30-windows-x86\apache-tomcat-8.0.30\webapps\basic1
02-Aug-2023 19:41:49.767 WARNING [localhost-startStop-1] org.apache.tomcat.util.descriptor.web.WebXml.setVersion Unknown version string [4.0]. Default version will be used.
02-Aug-2023 19:41:49.968 INFO [localhost-startStop-1] org.apache.catalina.startup.HostConfig.deployDirectory Deployment of web application directory C:\Users\RAVISHANKAR\OneDrive\Desktop\J2EE JDBC\Servlate\apache-tomcat-8.0.30-windows-x86\apache-tomcat-8.0.30\webapps\basic1 has finished in 384 ms
02-Aug-2023 19:41:49.968 INFO [localhost-startStop-1] org.apache.catalina.startup.HostConfig.deployDirectory Deploying web application directory C:\Users\RAVISHANKAR\OneDrive\Desktop\J2EE JDBC\Servlate\apache-tomcat-8.0.30-windows-x86\apache-tomcat-8.0.30\webapps\docs
02-Aug-2023 19:41:50.000 INFO [localhost-startStop-1] org.apache.catalina.startup.HostConfig.deployDirectory Deployment of web application directory C:\Users\RAVISHANKAR\OneDrive\Desktop\J2EE JDBC\Servlate\apache-tomcat-8.0.30-windows-x86\apache-tomcat-8.0.30\webapps\docs has finished in 32 ms
02-Aug-2023 19:41:50.016 INFO [localhost-startStop-1] org.apache.catalina.startup.HostConfig.deployDirectory Deploying web application directory C:\Users\RAVISHANKAR\OneDrive\Desktop\J2EE JDBC\Servlate\apache-tomcat-8.0.30-windows-x86\apache-tomcat-8.0.30\webapps\examples
02-Aug-2023 19:41:50.757 INFO [localhost-startStop-1] org.apache.catalina.startup.HostConfig.deployDirectory Deployment of web application directory C:\Users\RAVISHANKAR\OneDrive\Desktop\J2EE JDBC\Servlate\apache-tomcat-8.0.30-windows-x86\apache-tomcat-8.0.30\webapps\examples has finished in 741 ms
02-Aug-2023 19:41:50.761 INFO [localhost-startStop-1] org.apache.catalina.startup.HostConfig.deployDirectory Deploying web application directory C:\Users\RAVISHANKAR\OneDrive\Desktop\J2EE JDBC\Servlate\apache-tomcat-8.0.30-windows-x86\apache-tomcat-8.0.30\webapps\host-manager
02-Aug-2023 19:41:50.817 INFO [localhost-startStop-1] org.apache.catalina.startup.HostConfig.deployDirectory Deployment of web application directory C:\Users\RAVISHANKAR\OneDrive\Desktop\J2EE JDBC\Servlate\apache-tomcat-8.0.30-windows-x86\apache-tomcat-8.0.30\webapps\host-manager has finished in 56 ms
02-Aug-2023 19:41:50.818 INFO [localhost-startStop-1] org.apache.catalina.startup.HostConfig.deployDirectory Deploying web application directory C:\Users\RAVISHANKAR\OneDrive\Desktop\J2EE JDBC\Servlate\apache-tomcat-8.0.30-windows-x86\apache-tomcat-8.0.30\webapps\manager
02-Aug-2023 19:41:50.862 INFO [localhost-startStop-1] org.apache.catalina.startup.HostConfig.deployDirectory Deployment of web application directory C:\Users\RAVISHANKAR\OneDrive\Desktop\J2EE JDBC\Servlate\apache-tomcat-8.0.30-windows-x86\apache-tomcat-8.0.30\webapps\manager has finished in 44 ms
02-Aug-2023 19:41:50.862 INFO [localhost-startStop-1] org.apache.catalina.startup.HostConfig.deployDirectory Deploying web application directory C:\Users\RAVISHANKAR\OneDrive\Desktop\J2EE JDBC\Servlate\apache-tomcat-8.0.30-windows-x86\apache-tomcat-8.0.30\webapps\ROOT
02-Aug-2023 19:41:50.884 INFO [localhost-startStop-1] org.apache.catalina.startup.HostConfig.deployDirectory Deployment of web application directory C:\Users\RAVISHANKAR\OneDrive\Desktop\J2EE JDBC\Servlate\apache-tomcat-8.0.30-windows-x86\apache-tomcat-8.0.30\webapps\ROOT has finished in 22 ms
02-Aug-2023 19:41:50.884 INFO [main] org.apache.coyote.AbstractProtocol.start Starting ProtocolHandler ["http-nio-8050"]
02-Aug-2023 19:41:50.904 INFO [main] org.apache.coyote.AbstractProtocol.start Starting ProtocolHandler ["ajp-nio-8009"]
02-Aug-2023 19:41:50.909 INFO [main] org.apache.catalina.startup.Catalina.start Server startup in 1382 ms
