23-Jun-2023 09:32:19.553 WARNING [main] org.apache.catalina.core.AprLifecycleListener.init The APR based Apache Tomcat Native library failed to load. The error reported was [C:\Users\RAVISHANKAR\OneDrive\Desktop\J2EE JDBC\Servlate\apache-tomcat-8.0.30-windows-x86\apache-tomcat-8.0.30\bin\tcnative-1.dll: Can't load IA 32-bit .dll on a AMD 64-bit platform]
 java.lang.UnsatisfiedLinkError: C:\Users\RAVISHANKAR\OneDrive\Desktop\J2EE JDBC\Servlate\apache-tomcat-8.0.30-windows-x86\apache-tomcat-8.0.30\bin\tcnative-1.dll: Can't load IA 32-bit .dll on a AMD 64-bit platform
	at java.lang.ClassLoader$NativeLibrary.load(Native Method)
	at java.lang.ClassLoader.loadLibrary0(ClassLoader.java:1941)
	at java.lang.ClassLoader.loadLibrary(ClassLoader.java:1857)
	at java.lang.Runtime.loadLibrary0(Runtime.java:870)
	at java.lang.System.loadLibrary(System.java:1122)
	at org.apache.tomcat.jni.Library.<init>(Library.java:42)
	at org.apache.tomcat.jni.Library.initialize(Library.java:178)
	at org.apache.catalina.core.AprLifecycleListener.init(AprLifecycleListener.java:197)
	at org.apache.catalina.core.AprLifecycleListener.isAprAvailable(AprLifecycleListener.java:106)
	at org.apache.catalina.connector.Connector.setProtocol(Connector.java:564)
	at org.apache.catalina.connector.Connector.<init>(Connector.java:66)
	at org.apache.catalina.startup.ConnectorCreateRule.begin(ConnectorCreateRule.java:62)
	at org.apache.tomcat.util.digester.Digester.startElement(Digester.java:1178)
	at com.sun.org.apache.xerces.internal.parsers.AbstractSAXParser.startElement(AbstractSAXParser.java:509)
	at com.sun.org.apache.xerces.internal.parsers.AbstractXMLDocumentParser.emptyElement(AbstractXMLDocumentParser.java:182)
	at com.sun.org.apache.xerces.internal.impl.XMLDocumentFragmentScannerImpl.scanStartElement(XMLDocumentFragmentScannerImpl.java:1339)
	at com.sun.org.apache.xerces.internal.impl.XMLDocumentFragmentScannerImpl$FragmentContentDriver.next(XMLDocumentFragmentScannerImpl.java:2784)
	at com.sun.org.apache.xerces.internal.impl.XMLDocumentScannerImpl.next(XMLDocumentScannerImpl.java:602)
	at com.sun.org.apache.xerces.internal.impl.XMLDocumentFragmentScannerImpl.scanDocument(XMLDocumentFragmentScannerImpl.java:505)
	at com.sun.org.apache.xerces.internal.parsers.XML11Configuration.parse(XML11Configuration.java:842)
	at com.sun.org.apache.xerces.internal.parsers.XML11Configuration.parse(XML11Configuration.java:771)
	at com.sun.org.apache.xerces.internal.parsers.XMLParser.parse(XMLParser.java:141)
	at com.sun.org.apache.xerces.internal.parsers.AbstractSAXParser.parse(AbstractSAXParser.java:1213)
	at com.sun.org.apache.xerces.internal.jaxp.SAXParserImpl$JAXPSAXParser.parse(SAXParserImpl.java:643)
	at org.apache.tomcat.util.digester.Digester.parse(Digester.java:1451)
	at org.apache.catalina.startup.Catalina.load(Catalina.java:551)
	at org.apache.catalina.startup.Catalina.load(Catalina.java:599)
	at sun.reflect.NativeMethodAccessorImpl.invoke0(Native Method)
	at sun.reflect.NativeMethodAccessorImpl.invoke(NativeMethodAccessorImpl.java:62)
	at sun.reflect.DelegatingMethodAccessorImpl.invoke(DelegatingMethodAccessorImpl.java:43)
	at java.lang.reflect.Method.invoke(Method.java:498)
	at org.apache.catalina.startup.Bootstrap.load(Bootstrap.java:310)
	at org.apache.catalina.startup.Bootstrap.main(Bootstrap.java:484)

23-Jun-2023 09:32:19.642 INFO [main] org.apache.catalina.startup.VersionLoggerListener.log Server version:        Apache Tomcat/8.0.30
23-Jun-2023 09:32:19.643 INFO [main] org.apache.catalina.startup.VersionLoggerListener.log Server built:          Dec 1 2015 22:30:46 UTC
23-Jun-2023 09:32:19.643 INFO [main] org.apache.catalina.startup.VersionLoggerListener.log Server number:         8.0.30.0
23-Jun-2023 09:32:19.643 INFO [main] org.apache.catalina.startup.VersionLoggerListener.log OS Name:               Windows 10
23-Jun-2023 09:32:19.643 INFO [main] org.apache.catalina.startup.VersionLoggerListener.log OS Version:            10.0
23-Jun-2023 09:32:19.643 INFO [main] org.apache.catalina.startup.VersionLoggerListener.log Architecture:          amd64
23-Jun-2023 09:32:19.643 INFO [main] org.apache.catalina.startup.VersionLoggerListener.log Java Home:             C:\Program Files\Java\jdk1.8.0_202\jre
23-Jun-2023 09:32:19.644 INFO [main] org.apache.catalina.startup.VersionLoggerListener.log JVM Version:           1.8.0_202-b08
23-Jun-2023 09:32:19.644 INFO [main] org.apache.catalina.startup.VersionLoggerListener.log JVM Vendor:            Oracle Corporation
23-Jun-2023 09:32:19.644 INFO [main] org.apache.catalina.startup.VersionLoggerListener.log CATALINA_BASE:         C:\Users\RAVISHANKAR\OneDrive\Desktop\J2EE JDBC\Servlate\apache-tomcat-8.0.30-windows-x86\apache-tomcat-8.0.30
23-Jun-2023 09:32:19.644 INFO [main] org.apache.catalina.startup.VersionLoggerListener.log CATALINA_HOME:         C:\Users\RAVISHANKAR\OneDrive\Desktop\J2EE JDBC\Servlate\apache-tomcat-8.0.30-windows-x86\apache-tomcat-8.0.30
23-Jun-2023 09:32:19.644 INFO [main] org.apache.catalina.startup.VersionLoggerListener.log Command line argument: -Djava.util.logging.config.file=C:\Users\RAVISHANKAR\OneDrive\Desktop\J2EE JDBC\Servlate\apache-tomcat-8.0.30-windows-x86\apache-tomcat-8.0.30\conf\logging.properties
23-Jun-2023 09:32:19.645 INFO [main] org.apache.catalina.startup.VersionLoggerListener.log Command line argument: -Djava.util.logging.manager=org.apache.juli.ClassLoaderLogManager
23-Jun-2023 09:32:19.645 INFO [main] org.apache.catalina.startup.VersionLoggerListener.log Command line argument: -Djava.endorsed.dirs=C:\Users\RAVISHANKAR\OneDrive\Desktop\J2EE JDBC\Servlate\apache-tomcat-8.0.30-windows-x86\apache-tomcat-8.0.30\endorsed
23-Jun-2023 09:32:19.645 INFO [main] org.apache.catalina.startup.VersionLoggerListener.log Command line argument: -Dcatalina.base=C:\Users\RAVISHANKAR\OneDrive\Desktop\J2EE JDBC\Servlate\apache-tomcat-8.0.30-windows-x86\apache-tomcat-8.0.30
23-Jun-2023 09:32:19.645 INFO [main] org.apache.catalina.startup.VersionLoggerListener.log Command line argument: -Dcatalina.home=C:\Users\RAVISHANKAR\OneDrive\Desktop\J2EE JDBC\Servlate\apache-tomcat-8.0.30-windows-x86\apache-tomcat-8.0.30
23-Jun-2023 09:32:19.645 INFO [main] org.apache.catalina.startup.VersionLoggerListener.log Command line argument: -Djava.io.tmpdir=C:\Users\RAVISHANKAR\OneDrive\Desktop\J2EE JDBC\Servlate\apache-tomcat-8.0.30-windows-x86\apache-tomcat-8.0.30\temp
23-Jun-2023 09:32:20.016 INFO [main] org.apache.coyote.AbstractProtocol.init Initializing ProtocolHandler ["http-nio-8050"]
23-Jun-2023 09:32:20.241 INFO [main] org.apache.tomcat.util.net.NioSelectorPool.getSharedSelector Using a shared selector for servlet write/read
23-Jun-2023 09:32:20.244 INFO [main] org.apache.coyote.AbstractProtocol.init Initializing ProtocolHandler ["ajp-nio-8009"]
23-Jun-2023 09:32:20.246 INFO [main] org.apache.tomcat.util.net.NioSelectorPool.getSharedSelector Using a shared selector for servlet write/read
23-Jun-2023 09:32:20.246 INFO [main] org.apache.catalina.startup.Catalina.load Initialization processed in 1076 ms
23-Jun-2023 09:32:20.281 INFO [main] org.apache.catalina.core.StandardService.startInternal Starting service Catalina
23-Jun-2023 09:32:20.281 INFO [main] org.apache.catalina.core.StandardEngine.startInternal Starting Servlet Engine: Apache Tomcat/8.0.30
23-Jun-2023 09:32:20.292 INFO [localhost-startStop-1] org.apache.catalina.startup.HostConfig.deployDirectory Deploying web application directory C:\Users\RAVISHANKAR\OneDrive\Desktop\J2EE JDBC\Servlate\apache-tomcat-8.0.30-windows-x86\apache-tomcat-8.0.30\webapps\basic1
23-Jun-2023 09:32:20.454 WARNING [localhost-startStop-1] org.apache.tomcat.util.descriptor.web.WebXml.setVersion Unknown version string [4.0]. Default version will be used.
23-Jun-2023 09:32:20.561 INFO [localhost-startStop-1] org.apache.catalina.startup.HostConfig.deployDirectory Deployment of web application directory C:\Users\RAVISHANKAR\OneDrive\Desktop\J2EE JDBC\Servlate\apache-tomcat-8.0.30-windows-x86\apache-tomcat-8.0.30\webapps\basic1 has finished in 268 ms
23-Jun-2023 09:32:20.561 INFO [localhost-startStop-1] org.apache.catalina.startup.HostConfig.deployDirectory Deploying web application directory C:\Users\RAVISHANKAR\OneDrive\Desktop\J2EE JDBC\Servlate\apache-tomcat-8.0.30-windows-x86\apache-tomcat-8.0.30\webapps\docs
23-Jun-2023 09:32:20.589 INFO [localhost-startStop-1] org.apache.catalina.startup.HostConfig.deployDirectory Deployment of web application directory C:\Users\RAVISHANKAR\OneDrive\Desktop\J2EE JDBC\Servlate\apache-tomcat-8.0.30-windows-x86\apache-tomcat-8.0.30\webapps\docs has finished in 27 ms
23-Jun-2023 09:32:20.589 INFO [localhost-startStop-1] org.apache.catalina.startup.HostConfig.deployDirectory Deploying web application directory C:\Users\RAVISHANKAR\OneDrive\Desktop\J2EE JDBC\Servlate\apache-tomcat-8.0.30-windows-x86\apache-tomcat-8.0.30\webapps\examples
23-Jun-2023 09:32:21.046 INFO [localhost-startStop-1] org.apache.catalina.startup.HostConfig.deployDirectory Deployment of web application directory C:\Users\RAVISHANKAR\OneDrive\Desktop\J2EE JDBC\Servlate\apache-tomcat-8.0.30-windows-x86\apache-tomcat-8.0.30\webapps\examples has finished in 457 ms
23-Jun-2023 09:32:21.046 INFO [localhost-startStop-1] org.apache.catalina.startup.HostConfig.deployDirectory Deploying web application directory C:\Users\RAVISHANKAR\OneDrive\Desktop\J2EE JDBC\Servlate\apache-tomcat-8.0.30-windows-x86\apache-tomcat-8.0.30\webapps\host-manager
23-Jun-2023 09:32:21.078 INFO [localhost-startStop-1] org.apache.catalina.startup.HostConfig.deployDirectory Deployment of web application directory C:\Users\RAVISHANKAR\OneDrive\Desktop\J2EE JDBC\Servlate\apache-tomcat-8.0.30-windows-x86\apache-tomcat-8.0.30\webapps\host-manager has finished in 32 ms
23-Jun-2023 09:32:21.079 INFO [localhost-startStop-1] org.apache.catalina.startup.HostConfig.deployDirectory Deploying web application directory C:\Users\RAVISHANKAR\OneDrive\Desktop\J2EE JDBC\Servlate\apache-tomcat-8.0.30-windows-x86\apache-tomcat-8.0.30\webapps\manager
23-Jun-2023 09:32:21.128 INFO [localhost-startStop-1] org.apache.catalina.startup.HostConfig.deployDirectory Deployment of web application directory C:\Users\RAVISHANKAR\OneDrive\Desktop\J2EE JDBC\Servlate\apache-tomcat-8.0.30-windows-x86\apache-tomcat-8.0.30\webapps\manager has finished in 50 ms
23-Jun-2023 09:32:21.128 INFO [localhost-startStop-1] org.apache.catalina.startup.HostConfig.deployDirectory Deploying web application directory C:\Users\RAVISHANKAR\OneDrive\Desktop\J2EE JDBC\Servlate\apache-tomcat-8.0.30-windows-x86\apache-tomcat-8.0.30\webapps\ROOT
23-Jun-2023 09:32:21.166 INFO [localhost-startStop-1] org.apache.catalina.startup.HostConfig.deployDirectory Deployment of web application directory C:\Users\RAVISHANKAR\OneDrive\Desktop\J2EE JDBC\Servlate\apache-tomcat-8.0.30-windows-x86\apache-tomcat-8.0.30\webapps\ROOT has finished in 38 ms
23-Jun-2023 09:32:21.170 INFO [main] org.apache.coyote.AbstractProtocol.start Starting ProtocolHandler ["http-nio-8050"]
23-Jun-2023 09:32:21.181 INFO [main] org.apache.coyote.AbstractProtocol.start Starting ProtocolHandler ["ajp-nio-8009"]
23-Jun-2023 09:32:21.183 INFO [main] org.apache.catalina.startup.Catalina.start Server startup in 937 ms
23-Jun-2023 09:38:01.490 INFO [ContainerBackgroundProcessor[StandardEngine[Catalina]]] org.apache.catalina.startup.HostConfig.reload Reloading context [/basic1]
23-Jun-2023 09:38:01.493 INFO [ContainerBackgroundProcessor[StandardEngine[Catalina]]] org.apache.catalina.core.StandardContext.reload Reloading Context with name [/basic1] has started
23-Jun-2023 09:38:01.562 INFO [ContainerBackgroundProcessor[StandardEngine[Catalina]]] org.apache.catalina.core.StandardContext.reload Reloading Context with name [/basic1] is completed
23-Jun-2023 09:38:31.613 INFO [ContainerBackgroundProcessor[StandardEngine[Catalina]]] org.apache.catalina.startup.HostConfig.reload Reloading context [/basic1]
23-Jun-2023 09:38:31.613 INFO [ContainerBackgroundProcessor[StandardEngine[Catalina]]] org.apache.catalina.core.StandardContext.reload Reloading Context with name [/basic1] has started
23-Jun-2023 09:38:31.682 INFO [ContainerBackgroundProcessor[StandardEngine[Catalina]]] org.apache.catalina.core.StandardContext.reload Reloading Context with name [/basic1] is completed
23-Jun-2023 09:46:50.652 INFO [ContainerBackgroundProcessor[StandardEngine[Catalina]]] org.apache.catalina.startup.HostConfig.reload Reloading context [/basic1]
23-Jun-2023 09:46:50.654 INFO [ContainerBackgroundProcessor[StandardEngine[Catalina]]] org.apache.catalina.core.StandardContext.reload Reloading Context with name [/basic1] has started
23-Jun-2023 09:46:50.716 INFO [ContainerBackgroundProcessor[StandardEngine[Catalina]]] org.apache.catalina.core.StandardContext.reload Reloading Context with name [/basic1] is completed
23-Jun-2023 09:47:00.724 INFO [ContainerBackgroundProcessor[StandardEngine[Catalina]]] org.apache.catalina.startup.HostConfig.reload Reloading context [/basic1]
23-Jun-2023 09:47:00.725 INFO [ContainerBackgroundProcessor[StandardEngine[Catalina]]] org.apache.catalina.core.StandardContext.reload Reloading Context with name [/basic1] has started
23-Jun-2023 09:47:00.771 INFO [ContainerBackgroundProcessor[StandardEngine[Catalina]]] org.apache.catalina.core.StandardContext.reload Reloading Context with name [/basic1] is completed
